<?xml version="1.0" encoding="UTF-8"?>
<!-- Generated by org.testng.reporters.JUnitReportReporter -->
<testsuite hostname="LAPTOP-LETMJVFO" failures="0" tests="1" name="com.ob.tests.CreatingUser" time="45.484" errors="0" timestamp="2022-07-21T16:41:50 GMT-04:00" skipped="0">
  <testcase classname="com.ob.tests.CreatingUser" name="CreatingUser" time="45.484"/>
  <system-out/>
</testsuite> <!-- com.ob.tests.CreatingUser -->
