<?xml version="1.0" encoding="UTF-8"?>
<!-- Generated by org.testng.reporters.JUnitReportReporter -->
<testsuite hostname="LAPTOP-LETMJVFO" failures="0" tests="1" name="com.ob.tests.deposits" time="56.802" errors="0" timestamp="2022-07-24T12:22:26 GMT-04:00" skipped="0">
  <testcase classname="com.ob.tests.deposits" name="admindeposit1" time="56.802"/>
  <system-out/>
</testsuite> <!-- com.ob.tests.deposits -->
