<?xml version="1.0" encoding="UTF-8"?>
<!-- Generated by org.testng.reporters.JUnitReportReporter -->
<testsuite hostname="LAPTOP-LETMJVFO" failures="0" tests="1" name="com.ob.tests.deposits" time="47.031" errors="0" timestamp="2022-08-01T17:40:01 GMT-04:00" skipped="0">
  <testcase classname="com.ob.tests.deposits" name="admindeposit1" time="47.031"/>
  <system-out/>
</testsuite> <!-- com.ob.tests.deposits -->
