<?xml version="1.0" encoding="UTF-8"?>
<!-- Generated by org.testng.reporters.JUnitReportReporter -->
<testsuite hostname="LAPTOP-LETMJVFO" failures="0" tests="1" name="TESTS.CreatingUser" time="39.649" errors="0" timestamp="2022-07-18T13:53:56 GMT-04:00" skipped="0">
  <testcase classname="TESTS.CreatingUser" name="CreatingUser" time="39.649"/>
  <system-out/>
</testsuite> <!-- TESTS.CreatingUser -->
